# JRE version: OpenJDK Runtime Environment JBR-11.0.13.7-1751.25-jcef (11.0.13+7) (build 11.0.13+7-b1751.25)
# Java VM: OpenJDK 64-Bit Server VM JBR-11.0.13.7-1751.25-jcef (11.0.13+7-b1751.25, mixed mode, tiered, compressed oops, g1 gc, linux-amd64)
Heap:
 garbage-first heap   total 394240K, used 321204K [0x00000000c2600000, 0x0000000100000000)
  region size 1024K, 19 young (19456K), 3 survivors (3072K)
 Metaspace       used 259414K, capacity 267369K, committed 268068K, reserved 1284096K
  class space    used 29384K, capacity 32595K, committed 33020K, reserved 1048576K
GC Heap History (20 events):
Event: 2584.717 GC heap after
{Heap after GC invocations=328 (full 0):
 garbage-first heap   total 394240K, used 299389K [0x00000000c2600000, 0x0000000100000000)
  region size 1024K, 4 young (4096K), 4 survivors (4096K)
 Metaspace       used 259113K, capacity 267027K, committed 267812K, reserved 1284096K
  class space    used 29383K, capacity 32595K, committed 33020K, reserved 1048576K
}
Event: 2584.788 GC heap before
{Heap before GC invocations=328 (full 0):
 garbage-first heap   total 394240K, used 316797K [0x00000000c2600000, 0x0000000100000000)
  region size 1024K, 19 young (19456K), 4 survivors (4096K)
 Metaspace       used 259131K, capacity 267028K, committed 267812K, reserved 1284096K
  class space    used 29383K, capacity 32595K, committed 33020K, reserved 1048576K
}
Event: 2584.818 GC heap after
{Heap after GC invocations=329 (full 0):
 garbage-first heap   total 394240K, used 306932K [0x00000000c2600000, 0x0000000100000000)
  region size 1024K, 3 young (3072K), 3 survivors (3072K)
 Metaspace       used 259131K, capacity 267028K, committed 267812K, reserved 1284096K
  class space    used 29383K, capacity 32595K, committed 33020K, reserved 1048576K
}
Event: 2584.820 GC heap before
{Heap before GC invocations=329 (full 0):
 garbage-first heap   total 394240K, used 306932K [0x00000000c2600000, 0x0000000100000000)
  region size 1024K, 4 young (4096K), 3 survivors (3072K)
 Metaspace       used 259131K, capacity 267028K, committed 267812K, reserved 1284096K
  class space    used 29383K, capacity 32595K, committed 33020K, reserved 1048576K
}
Event: 2584.833 GC heap after
{Heap after GC invocations=330 (full 0):
 garbage-first heap   total 394240K, used 309554K [0x00000000c2600000, 0x0000000100000000)
  region size 1024K, 2 young (2048K), 2 survivors (2048K)
 Metaspace       used 259131K, capacity 267028K, committed 267812K, reserved 1284096K
  class space    used 29383K, capacity 32595K, committed 33020K, reserved 1048576K
}
Event: 2585.667 GC heap before
{Heap before GC invocations=331 (full 0):
 garbage-first heap   total 394240K, used 320818K [0x00000000c2600000, 0x0000000100000000)
  region size 1024K, 19 young (19456K), 2 survivors (2048K)
 Metaspace       used 259185K, capacity 267156K, committed 267812K, reserved 1284096K
  class space    used 29383K, capacity 32595K, committed 33020K, reserved 1048576K
}
Event: 2585.684 GC heap after
{Heap after GC invocations=332 (full 0):
 garbage-first heap   total 394240K, used 309248K [0x00000000c2600000, 0x0000000100000000)
  region size 1024K, 3 young (3072K), 3 survivors (3072K)
 Metaspace       used 259185K, capacity 267156K, committed 267812K, reserved 1284096K
  class space    used 29383K, capacity 32595K, committed 33020K, reserved 1048576K
}
Event: 2586.559 GC heap before
{Heap before GC invocations=332 (full 0):
 garbage-first heap   total 394240K, used 329728K [0x00000000c2600000, 0x0000000100000000)
  region size 1024K, 19 young (19456K), 3 survivors (3072K)
 Metaspace       used 259209K, capacity 267158K, committed 267812K, reserved 1284096K
  class space    used 29384K, capacity 32595K, committed 33020K, reserved 1048576K
}
Event: 2586.592 GC heap after
{Heap after GC invocations=333 (full 0):
 garbage-first heap   total 394240K, used 313156K [0x00000000c2600000, 0x0000000100000000)
  region size 1024K, 3 young (3072K), 3 survivors (3072K)
 Metaspace       used 259209K, capacity 267158K, committed 267812K, reserved 1284096K
  class space    used 29384K, capacity 32595K, committed 33020K, reserved 1048576K
}
Event: 2587.401 GC heap before
{Heap before GC invocations=333 (full 0):
 garbage-first heap   total 394240K, used 328516K [0x00000000c2600000, 0x0000000100000000)
  region size 1024K, 19 young (19456K), 3 survivors (3072K)
 Metaspace       used 259291K, capacity 267225K, committed 268068K, reserved 1284096K
  class space    used 29384K, capacity 32595K, committed 33020K, reserved 1048576K
}
Event: 2587.415 GC heap after
{Heap after GC invocations=334 (full 0):
 garbage-first heap   total 394240K, used 315605K [0x00000000c2600000, 0x0000000100000000)
  region size 1024K, 2 young (2048K), 2 survivors (2048K)
 Metaspace       used 259291K, capacity 267225K, committed 268068K, reserved 1284096K
  class space    used 29384K, capacity 32595K, committed 33020K, reserved 1048576K
}
Event: 2588.252 GC heap before
{Heap before GC invocations=335 (full 0):
 garbage-first heap   total 394240K, used 315605K [0x00000000c2600000, 0x0000000100000000)
  region size 1024K, 19 young (19456K), 2 survivors (2048K)
 Metaspace       used 259306K, capacity 267229K, committed 268068K, reserved 1284096K
  class space    used 29384K, capacity 32595K, committed 33020K, reserved 1048576K
}
Event: 2588.264 GC heap after
{Heap after GC invocations=336 (full 0):
 garbage-first heap   total 394240K, used 299046K [0x00000000c2600000, 0x0000000100000000)
  region size 1024K, 2 young (2048K), 2 survivors (2048K)
 Metaspace       used 259306K, capacity 267229K, committed 268068K, reserved 1284096K
  class space    used 29384K, capacity 32595K, committed 33020K, reserved 1048576K
}
Event: 2589.021 GC heap before
{Heap before GC invocations=336 (full 0):
 garbage-first heap   total 394240K, used 317478K [0x00000000c2600000, 0x0000000100000000)
  region size 1024K, 19 young (19456K), 2 survivors (2048K)
 Metaspace       used 259331K, capacity 267235K, committed 268068K, reserved 1284096K
  class space    used 29384K, capacity 32595K, committed 33020K, reserved 1048576K
}
Event: 2589.038 GC heap after
{Heap after GC invocations=337 (full 0):
 garbage-first heap   total 394240K, used 283555K [0x00000000c2600000, 0x0000000100000000)
  region size 1024K, 3 young (3072K), 3 survivors (3072K)
 Metaspace       used 259331K, capacity 267235K, committed 268068K, reserved 1284096K
  class space    used 29384K, capacity 32595K, committed 33020K, reserved 1048576K
}
Event: 2589.061 GC heap before
{Heap before GC invocations=337 (full 0):
 garbage-first heap   total 394240K, used 290723K [0x00000000c2600000, 0x0000000100000000)
  region size 1024K, 11 young (11264K), 3 survivors (3072K)
 Metaspace       used 259347K, capacity 267235K, committed 268068K, reserved 1284096K
  class space    used 29384K, capacity 32595K, committed 33020K, reserved 1048576K
}
Event: 2589.084 GC heap after
{Heap after GC invocations=338 (full 0):
 garbage-first heap   total 394240K, used 291373K [0x00000000c2600000, 0x0000000100000000)
  region size 1024K, 5 young (5120K), 5 survivors (5120K)
 Metaspace       used 259347K, capacity 267235K, committed 268068K, reserved 1284096K
  class space    used 29384K, capacity 32595K, committed 33020K, reserved 1048576K
}
Event: 2591.793 GC heap before
{Heap before GC invocations=339 (full 0):
 garbage-first heap   total 394240K, used 320045K [0x00000000c2600000, 0x0000000100000000)
  region size 1024K, 28 young (28672K), 5 survivors (5120K)
 Metaspace       used 259386K, capacity 267305K, committed 268068K, reserved 1284096K
  class space    used 29384K, capacity 32595K, committed 33020K, reserved 1048576K
}
Event: 2591.810 GC heap after
{Heap after GC invocations=340 (full 0):
 garbage-first heap   total 394240K, used 300724K [0x00000000c2600000, 0x0000000100000000)
  region size 1024K, 3 young (3072K), 3 survivors (3072K)
 Metaspace       used 259386K, capacity 267305K, committed 268068K, reserved 1284096K
  class space    used 29384K, capacity 32595K, committed 33020K, reserved 1048576K
}
Event: 2592.602 GC heap before
{Heap before GC invocations=340 (full 0):
 garbage-first heap   total 394240K, used 321204K [0x00000000c2600000, 0x0000000100000000)
  region size 1024K, 19 young (19456K), 3 survivors (3072K)
 Metaspace       used 259414K, capacity 267369K, committed 268068K, reserved 1284096K
  class space    used 29384K, capacity 32595K, committed 33020K, reserved 1048576K
}

